<?xml version="1.0" encoding="UTF-8" ?>
<testsuite errors="0" failures="0" hostname="MC02MF14LFD58.local" name="racetrack.UserControllerTests" tests="1" time="2.983" timestamp="2014-09-12T20:39:39">
  <properties />
  <testcase classname="racetrack.UserControllerTests" name="testAuthenticate" time="2.931" />
  <system-out><![CDATA[--Output from testAuthenticate--
]]></system-out>
  <system-err><![CDATA[--Output from testAuthenticate--
]]></system-err>
</testsuite>
